<?xml version="1.0" encoding="UTF-8"?>
<!-- Generated by org.testng.reporters.JUnitXMLReporter -->
<testsuite ignored="3" hostname="LAPTOP-F5C4QKDE" failures="0" tests="10" name="Test" time="20.453" errors="0" timestamp="2022-05-11T14:35:21 IST">
  <testcase classname="com.phptravels.testbase.TestBase" name="@BeforeTest onSetup" time="20.264">
    <failure type="org.openqa.selenium.WebDriverException" message="Process unexpectedly closed with status 0
Build info: version: &amp;apos;3.141.59&amp;apos;, revision: &amp;apos;e82be7d358&amp;apos;, time: &amp;apos;2018-11-14T08:17:03&amp;apos;
System info: host: &amp;apos;LAPTOP-F5C4QKDE&amp;apos;, ip: &amp;apos;192.168.1.19&amp;apos;, os.name: &amp;apos;Windows 10&amp;apos;, os.arch: &amp;apos;amd64&amp;apos;, os.version: &amp;apos;10.0&amp;apos;, java.version: &amp;apos;16.0.1&amp;apos;
Driver info: driver.version: FirefoxDriver
remote stacktrace: ">
      <![CDATA[org.openqa.selenium.WebDriverException: Process unexpectedly closed with status 0
Build info: version: '3.141.59', revision: 'e82be7d358', time: '2018-11-14T08:17:03'
System info: host: 'LAPTOP-F5C4QKDE', ip: '192.168.1.19', os.name: 'Windows 10', os.arch: 'amd64', os.version: '10.0', java.version: '16.0.1'
Driver info: driver.version: FirefoxDriver
remote stacktrace: 
at org.openqa.selenium.remote.W3CHandshakeResponse.lambda$errorHandler$0(W3CHandshakeResponse.java:62)
at org.openqa.selenium.remote.HandshakeResponse.lambda$getResponseFunction$0(HandshakeResponse.java:30)
at org.openqa.selenium.remote.ProtocolHandshake.lambda$createSession$0(ProtocolHandshake.java:126)
at java.base/java.util.stream.ReferencePipeline$3$1.accept(ReferencePipeline.java:197)
at java.base/java.util.Spliterators$ArraySpliterator.tryAdvance(Spliterators.java:958)
at java.base/java.util.stream.ReferencePipeline.forEachWithCancel(ReferencePipeline.java:129)
at java.base/java.util.stream.AbstractPipeline.copyIntoWithCancel(AbstractPipeline.java:502)
at java.base/java.util.stream.AbstractPipeline.copyInto(AbstractPipeline.java:488)
at java.base/java.util.stream.AbstractPipeline.wrapAndCopyInto(AbstractPipeline.java:474)
at java.base/java.util.stream.FindOps$FindOp.evaluateSequential(FindOps.java:150)
at java.base/java.util.stream.AbstractPipeline.evaluate(AbstractPipeline.java:234)
at java.base/java.util.stream.ReferencePipeline.findFirst(ReferencePipeline.java:647)
at org.openqa.selenium.remote.ProtocolHandshake.createSession(ProtocolHandshake.java:128)
at org.openqa.selenium.remote.ProtocolHandshake.createSession(ProtocolHandshake.java:74)
at org.openqa.selenium.remote.HttpCommandExecutor.execute(HttpCommandExecutor.java:136)
at org.openqa.selenium.remote.service.DriverCommandExecutor.execute(DriverCommandExecutor.java:83)
at org.openqa.selenium.remote.RemoteWebDriver.execute(RemoteWebDriver.java:552)
at org.openqa.selenium.remote.RemoteWebDriver.startSession(RemoteWebDriver.java:213)
at org.openqa.selenium.remote.RemoteWebDriver.<init>(RemoteWebDriver.java:131)
at org.openqa.selenium.firefox.FirefoxDriver.<init>(FirefoxDriver.java:147)
at org.openqa.selenium.firefox.FirefoxDriver.<init>(FirefoxDriver.java:125)
at com.phptravels.testbase.TestBase.onSetup(TestBase.java:72)
... Removed 29 stack frames]]>
    </failure>
  </testcase> <!-- @BeforeTest onSetup -->
  <testcase classname="com.phptravels.testbase.TestBase" name="@AfterMethod tearDown" time="-1.652259921189E9">
    <skipped/>
  </testcase> <!-- @AfterMethod tearDown -->
  <testcase classname="com.phptravels.testbase.TestBase" name="@AfterMethod tearDown" time="-1.652259921212E9">
    <skipped/>
  </testcase> <!-- @AfterMethod tearDown -->
  <testcase classname="com.phptravels.testbase.TestBase" name="@AfterMethod tearDown" time="-1.65225992122E9">
    <skipped/>
  </testcase> <!-- @AfterMethod tearDown -->
  <testcase classname="com.phptravels.testbase.TestBase" name="@AfterMethod tearDown" time="-1.652259921231E9">
    <skipped/>
  </testcase> <!-- @AfterMethod tearDown -->
  <testcase classname="com.phptravels.testbase.TestBase" name="@AfterMethod tearDown" time="-1.652259921242E9">
    <skipped/>
  </testcase> <!-- @AfterMethod tearDown -->
  <testcase classname="com.phptravels.testbase.TestBase" name="@AfterMethod tearDown" time="-1.652259921266E9">
    <skipped/>
  </testcase> <!-- @AfterMethod tearDown -->
  <testcase classname="com.phptravels.testbase.TestBase" name="@AfterMethod tearDown" time="-1.652259921279E9">
    <skipped/>
  </testcase> <!-- @AfterMethod tearDown -->
  <testcase classname="com.phptravels.testbase.TestBase" name="@AfterMethod tearDown" time="-1.652259921284E9">
    <skipped/>
  </testcase> <!-- @AfterMethod tearDown -->
  <testcase classname="com.phptravels.testbase.TestBase" name="@AfterMethod tearDown" time="-1.652259921289E9">
    <skipped/>
  </testcase> <!-- @AfterMethod tearDown -->
  <testcase classname="com.phptravels.testbase.TestBase" name="@AfterMethod tearDown" time="-1.652259921307E9">
    <skipped/>
  </testcase> <!-- @AfterMethod tearDown -->
  <testcase classname="com.phptravels.testbase.TestBase" name="@AfterTest quitBrowser" time="-1.652259921311E9">
    <skipped/>
  </testcase> <!-- @AfterTest quitBrowser -->
  <testcase classname="tcsionProject.Stage3.TestLogin3" name="logindemo3" time="0.0">
    <skipped/>
  </testcase> <!-- logindemo3 -->
  <testcase classname="tcsionProject.Stage3.TestLogin3" name="invalidLoginTC001" time="0.0">
    <skipped/>
  </testcase> <!-- invalidLoginTC001 -->
  <testcase classname="tcsionProject.Stage3.TestLogin3" name="invalidLoginTC002" time="0.0">
    <skipped/>
  </testcase> <!-- invalidLoginTC002 -->
  <testcase classname="tcsionProject.Stage3.TestLogin3" name="invalidLoginTC003" time="0.0">
    <skipped/>
  </testcase> <!-- invalidLoginTC003 -->
  <testcase classname="tcsionProject.Stage3.TestLogin3" name="validLoginTC004" time="0.0">
    <skipped/>
  </testcase> <!-- validLoginTC004 -->
  <testcase classname="tcsionProject.Stage3.TestBookings3" name="BookingsBtn" time="0.0">
    <skipped/>
  </testcase> <!-- BookingsBtn -->
  <testcase classname="tcsionProject.Stage3.TestBookings3" name="BookVerificationTC006" time="0.0">
    <skipped/>
  </testcase> <!-- BookVerificationTC006 -->
  <testcase classname="tcsionProject.Stage3.TestBookings3" name="BookVerificationTC007" time="0.0">
    <skipped/>
  </testcase> <!-- BookVerificationTC007 -->
  <testcase classname="tcsionProject.Stage3.TestBookings3" name="BookVerificationTC008" time="0.0">
    <skipped/>
  </testcase> <!-- BookVerificationTC008 -->
  <testcase classname="tcsionProject.Stage3.TestBookings3" name="VerifyWeb" time="0.0">
    <skipped/>
  </testcase> <!-- VerifyWeb -->
  <testcase classname="com.phptravels.testbase.TestBase" name="@AfterTest quitBrowser" time="0.0">
    <ignored/>
  </testcase> <!-- @AfterTest quitBrowser -->
  <testcase classname="com.phptravels.testbase.TestBase" name="@BeforeTest onSetup" time="0.0">
    <ignored/>
  </testcase> <!-- @BeforeTest onSetup -->
  <testcase classname="tcsionProject.Stage3.TestBookings3" name="RevertChanges" time="0.0">
    <ignored/>
  </testcase> <!-- RevertChanges -->
</testsuite> <!-- Test -->
